<?xml version="1.0" encoding="UTF-8"?>
<testng-results ignored="0" total="1" passed="1" failed="0" skipped="0">
  <reporter-output>
  </reporter-output>
  <suite started-at="2026-01-22T20:11:23 IST" name="Default suite" finished-at="2026-01-22T20:11:37 IST" duration-ms="13381">
    <groups>
    </groups>
    <test started-at="2026-01-22T20:11:23 IST" name="Default test" finished-at="2026-01-22T20:11:37 IST" duration-ms="13381">
      <class name="test.SauceDemoTest">
        <test-method is-config="true" signature="setup()[pri:0, instance:test.SauceDemoTest@3eb25e1a]" started-at="2026-01-22T20:11:23 IST" name="setup" finished-at="2026-01-22T20:11:32 IST" duration-ms="8628" status="PASS">
          <reporter-output>
          </reporter-output>
        </test-method> <!-- setup -->
        <test-method signature="SauceDemo()[pri:0, instance:test.SauceDemoTest@3eb25e1a]" started-at="2026-01-22T20:11:32 IST" name="SauceDemo" finished-at="2026-01-22T20:11:34 IST" duration-ms="1801" status="PASS">
          <reporter-output>
          </reporter-output>
        </test-method> <!-- SauceDemo -->
        <test-method is-config="true" signature="teardown()[pri:0, instance:test.SauceDemoTest@3eb25e1a]" started-at="2026-01-22T20:11:34 IST" name="teardown" finished-at="2026-01-22T20:11:37 IST" duration-ms="2922" status="PASS">
          <reporter-output>
          </reporter-output>
        </test-method> <!-- teardown -->
      </class> <!-- test.SauceDemoTest -->
    </test> <!-- Default test -->
  </suite> <!-- Default suite -->
</testng-results>
